<?xml version="1.0" encoding="UTF-8"?>
<robot generator="Robot 5.0.1 (Python 3.10.1 on win32)" generated="20220823 23:13:05.667" rpa="false" schemaversion="3">
<suite id="s1" name="Howto" source="C:\Users\davi_\OneDrive\Documentos\projetos\Newwayweb\scenarios\howto.robot">
<test id="s1-t1" name="Acesso à página: How To Make a Modal Box With CSS and JavaScript" line="7">
<kw name="Abrir Browser" library="base" type="SETUP">
<kw name="Open Browser" library="SeleniumLibrary">
<arg>${URL}</arg>
<arg>gc</arg>
<doc>Opens a new browser instance to the optional ``url``.</doc>
<msg timestamp="20220823 23:13:06.145" level="INFO">Opening browser 'gc' to base url 'https://www.w3schools.com/'.</msg>
<status status="PASS" starttime="20220823 23:13:06.144" endtime="20220823 23:13:09.938"/>
</kw>
<kw name="Maximize Browser Window" library="SeleniumLibrary">
<doc>Maximizes current browser window.</doc>
<status status="PASS" starttime="20220823 23:13:09.938" endtime="20220823 23:13:10.064"/>
</kw>
<status status="PASS" starttime="20220823 23:13:06.143" endtime="20220823 23:13:10.064"/>
</kw>
<kw name="Given que um estudante acessa o menu tutorials" library="htmlStep">
<kw name="Acessar menu tutorials" library="homePage">
<kw name="Wait Until Element Is Visible" library="SeleniumLibrary">
<arg>${botãoTutorials}</arg>
<arg>20</arg>
<doc>Waits until the element ``locator`` is visible.</doc>
<status status="PASS" starttime="20220823 23:13:10.066" endtime="20220823 23:13:10.105"/>
</kw>
<kw name="Click Element" library="SeleniumLibrary">
<arg>${botãoTutorials}</arg>
<doc>Click the element identified by ``locator``.</doc>
<msg timestamp="20220823 23:13:10.105" level="INFO">Clicking element 'navbtn_tutorials'.</msg>
<status status="PASS" starttime="20220823 23:13:10.105" endtime="20220823 23:13:10.195"/>
</kw>
<status status="PASS" starttime="20220823 23:13:10.066" endtime="20220823 23:13:10.195"/>
</kw>
<status status="PASS" starttime="20220823 23:13:10.065" endtime="20220823 23:13:10.196"/>
</kw>
<kw name="And acessa learn how to em HTML e CSS" library="howtoStep">
<kw name="Acessar botão em tutorials &quot;Learn How To&quot;" library="homePage" sourcename="Acessar botão em tutorials &quot;${tutorial}&quot;">
<kw name="Wait Until Element Is Visible" library="SeleniumLibrary">
<arg>//a[@class='w3-bar-item w3-button'][text()='${tutorial}']</arg>
<arg>20</arg>
<doc>Waits until the element ``locator`` is visible.</doc>
<status status="PASS" starttime="20220823 23:13:10.198" endtime="20220823 23:13:10.240"/>
</kw>
<kw name="Click Element" library="SeleniumLibrary">
<arg>//a[@class='w3-bar-item w3-button'][text()='${tutorial}']</arg>
<doc>Click the element identified by ``locator``.</doc>
<msg timestamp="20220823 23:13:10.241" level="INFO">Clicking element '//a[@class='w3-bar-item w3-button'][text()='Learn How To']'.</msg>
<msg timestamp="20220823 23:15:22.301" level="WARN">Retrying (Retry(total=2, connect=None, read=None, redirect=None, status=None)) after connection broken by 'NewConnectionError('&lt;urllib3.connection.HTTPConnection object at 0x000002AEF66B60E0&gt;: Failed to establish a new connection: [WinError 10061] Nenhuma conexão pôde ser feita porque a máquina de destino as recusou ativamente')': /session/c8b61b6ae397a4bf604f33bc9edd0211/screenshot</msg>
<errors>
<msg timestamp="20220823 23:15:22.301" level="WARN">Retrying (Retry(total=2, connect=None, read=None, redirect=None, status=None)) after connection broken by 'NewConnectionError('&lt;urllib3.connection.HTTPConnection object at 0x000002AEF66B60E0&gt;: Failed to establish a new connection: [WinError 10061] Nenhuma conexão pôde ser feita porque a máquina de destino as recusou ativamente')': /session/c8b61b6ae397a4bf604f33bc9edd0211/screenshot</msg>
<msg timestamp="20220823 23:15:26.397" level="ERROR">Execution stopped by user.</msg>
</errors>
</robot>
